Removed Pin From Net: NetName=5V Pin=C2-1
Removed Pin From Net: NetName=GND Pin=C2-2
Removed Pin From Net: NetName=GND Pin=IC1-2
Removed Pin From Net: NetName=NetC1_2 Pin=IC1-3
Removed Pin From Net: NetName=5V Pin=IC1-4
Removed Pin From Net: NetName=GND Pin=IC1-5
Removed Member From Class: ClassName=VI_circuit Member=IC1
Change Component Footprint: Designator=C1 Old Footprint=FP-C1608-080-0_1-IPC_B New Footprint=CAPC1608X90X35LL15T15
Change Component Footprint: Designator=C2 Old Footprint=FP-GRM188-0_1-e0_2_0_5-MFG New Footprint=CAPC1608X90X35LL15T15
Change Component Comment : Designator=C1 Old Comment=0.33uF New Comment=1uF
Change Component Comment : Designator=C2 Old Comment=2.2uF New Comment=1uF
Change Managed Component Library Link : Designator=C1 Old VaultGUID=B7D15EC3-160A-466F-A46C-7801FE6295A7 New VaultGUID=B7D15EC3-160A-466F-A46C-7801FE6295A7 Old ItemGUID=0E1FFC42-F177-4346-8D34-384284695200 New ItemGUID=EB17A826-37A7-4D46-A677-3911635C0807 Old RevisionGUID=B30C0EEA-69EF-4835-B136-3FA067E00B7B New RevisionGUID=E38F1655-FF74-4865-A9B0-0DCA00CD0F16
Change Managed Component Library Link : Designator=C2 Old VaultGUID=B7D15EC3-160A-466F-A46C-7801FE6295A7 New VaultGUID=B7D15EC3-160A-466F-A46C-7801FE6295A7 Old ItemGUID=018E42C0-272D-4DC9-98FF-BF57A02C7FD8 New ItemGUID=EB17A826-37A7-4D46-A677-3911635C0807 Old RevisionGUID=5673FA10-AC23-42E8-8464-8509AF615E78 New RevisionGUID=E38F1655-FF74-4865-A9B0-0DCA00CD0F16
Change component parameters: Designator = "C1" ("C1"); Footprint = "FP-C1608-080-0_1-IPC_B"; UniqueID = "\RAXJMCAP" ("\RAXJMCAP")
Change component parameters (AddParameter): Name = "Manufacturer"; Value = "Kemet"; VariantName = "[No Variations]"
Change component parameters (AddParameter): Name = "Part Number"; Value = "C0603C105K4RACTU"; VariantName = "[No Variations]"
Change component parameters: Designator = "C2" ("C2"); Footprint = "FP-GRM188-0_1-e0_2_0_5-MFG"; UniqueID = "\BVPWHCXZ" ("\BVPWHCXZ")
Change component parameters (AddParameter): Name = "Manufacturer"; Value = "Kemet"; VariantName = "[No Variations]"
Change component parameters (AddParameter): Name = "Part Number"; Value = "C0603C105K4RACTU"; VariantName = "[No Variations]"
Added Component: Designator=IC?(SOT95P280X145-5N)
Add component (AddParameter): Name = "Arrow Part Number"; Value = "LD2980CM50TR"; VariantName = "[No Variations]"
Add component (AddParameter): Name = "Arrow Price/Stock"; Value = "https://www.arrow.com/en/products/ld2980cm50tr/stmicroelectronics?region=nac"; VariantName = "[No Variations]"
Add component (AddParameter): Name = "Datasheet Link"; Value = "http://www.st.com/st-web-ui/static/active/en/resource/technical/document/datasheet/CD00001636.pdf"; VariantName = "[No Variations]"
Add component (AddParameter): Name = "Height"; Value = "1.45mm"; VariantName = "[No Variations]"
Add component (AddParameter): Name = "Manufacturer_Name"; Value = "STMicroelectronics"; VariantName = "[No Variations]"
Add component (AddParameter): Name = "Manufacturer_Part_Number"; Value = "LD2980CM50TR"; VariantName = "[No Variations]"
Add component (AddParameter): Name = "Mouser Part Number"; Value = "511-LD2980CM50"; VariantName = "[No Variations]"
Add component (AddParameter): Name = "Mouser Price/Stock"; Value = "https://www.mouser.co.uk/ProductDetail/STMicroelectronics/LD2980CM50TR?qs=fUp1KqWiDeH%252BLPcpxdfyeg%3D%3D"; VariantName = "[No Variations]"
Added Pin To Net: NetName=GND Pin=C2-1
Added Pin To Net: NetName=NetC1_2 Pin=IC?-1
Added Pin To Net: NetName=GND Pin=IC?-2
Added Pin To Net: NetName=NetC1_2 Pin=IC?-3
Added Pin To Net: NetName=NetC2_2 Pin=C2-2
Added Pin To Net: NetName=NetC2_2 Pin=IC?-5
Added Net: Name=NetC2_2
Added Member To Class: ClassName=VI_circuit Member=Component IC? LD2980CM50TR
Added Room: Name=VI_circuit
