Removed Pin From Net: NetName=GND Pin=C2-1
Removed Pin From Net: NetName=5V Pin=C2-2
Removed Pin From Net: NetName=5V Pin=IC1-1
Removed Pin From Net: NetName=NetC1_2 Pin=IC1-2
Removed Pin From Net: NetName=GND Pin=IC1-3
Change Component Footprint: Designator=C2 Old Footprint=FP-C0603C-CF-MFG New Footprint=FP-GRM188-0_1-e0_2_0_5-MFG
Change Footprint: Footprint Not Found C503B-BCN
Change Component Comment : Designator=LED5 Old Comment= New Comment=RED LED
Change Component Comment : Designator=C2 Old Comment=0.1uF New Comment=2.2uF
Change Component Designator: OldDesignator=J? NewDesignator=J1
Added Component: Designator=IC?(TLE4294GV50HTSA1)
Add component (AddParameter): Name = "Arrow Part Number"; Value = "TLE4294GV50HTSA1"; VariantName = "[No Variations]"
Add component (AddParameter): Name = "Arrow Price/Stock"; Value = "https://www.arrow.com/en/products/tle4294gv50htsa1/infineon-technologies-ag"; VariantName = "[No Variations]"
Add component (AddParameter): Name = "Datasheet Link"; Value = "https://www.infineon.com/dgdl/Infineon-TLE4294G%20V50-DataSheet-v01_20-EN.pdf?fileId=5546d46258fc0bc101595fa0bf481fd2"; VariantName = "[No Variations]"
Add component (AddParameter): Name = "Height"; Value = "1.1mm"; VariantName = "[No Variations]"
Add component (AddParameter): Name = "Manufacturer_Name"; Value = "Infineon"; VariantName = "[No Variations]"
Add component (AddParameter): Name = "Manufacturer_Part_Number"; Value = "TLE4294GV50HTSA1"; VariantName = "[No Variations]"
Add component (AddParameter): Name = "Mouser Part Number"; Value = ""; VariantName = "[No Variations]"
Add component (AddParameter): Name = "Mouser Price/Stock"; Value = ""; VariantName = "[No Variations]"
Added Component: Designator=J2(17709661)
Add component (AddParameter): Name = "Arrow Part Number"; Value = "1-770966-1"; VariantName = "[No Variations]"
Add component (AddParameter): Name = "Arrow Price/Stock"; Value = "https://www.arrow.com/en/products/1-770966-1/te-connectivity?region=europe"; VariantName = "[No Variations]"
Add component (AddParameter): Name = "Datasheet Link"; Value = "https://www.te.com/commerce/DocumentDelivery/DDEController?Action=showdoc&DocId=Customer+Drawing%7F770966%7FG1%7Fpdf%7FEnglish%7FENG_CD_770966_G1.pdf%7F1-770966-1"; VariantName = "[No Variations]"
Add component (AddParameter): Name = "Height"; Value = "7.77mm"; VariantName = "[No Variations]"
Add component (AddParameter): Name = "Manufacturer_Name"; Value = "TE Connectivity"; VariantName = "[No Variations]"
Add component (AddParameter): Name = "Manufacturer_Part_Number"; Value = "1-770966-1"; VariantName = "[No Variations]"
Add component (AddParameter): Name = "Mouser Part Number"; Value = "571-1-770966-1"; VariantName = "[No Variations]"
Add component (AddParameter): Name = "Mouser Price/Stock"; Value = "https://www.mouser.co.uk/ProductDetail/TE-Connectivity-AMP/1-770966-1?qs=zthB9rB9njD9XGaVaokK%2Fw%3D%3D"; VariantName = "[No Variations]"
Added Pin To Net: NetName=5V Pin=C2-1
Added Pin To Net: NetName=GND Pin=C2-2
Added Pin To Net: NetName=GND Pin=IC?-2
Added Pin To Net: NetName=NetC1_2 Pin=IC?-3
Added Pin To Net: NetName=5V Pin=IC?-4
Added Pin To Net: NetName=GND Pin=IC?-5
Added Pin To Net: NetName=NetJ2_1 Pin=J2-1
Added Pin To Net: NetName=NetJ2_1 Pin=R7-1
Added Net: Name=NetJ2_1
Added Member To Class: ClassName=VI_circuit Member=Component IC? TLE4294GV50HTSA1
Added Member To Class: ClassName=VI_circuit Member=Component J1 1-770966-1
Added Member To Class: ClassName=VI_circuit Member=Component J2 1-770966-1
Added Room: Name=VI_circuit
