Removed Pin From Net: NetName=GND Pin=C1-1
Removed Pin From Net: NetName=GND Pin=C2-1
Removed Pin From Net: NetName=GND Pin=C2-2
Removed Pin From Net: NetName=GND Pin=C3-1
Removed Pin From Net: NetName=5V Pin=C3-2
Removed Pin From Net: NetName=GND Pin=C4-1
Removed Pin From Net: NetName=5V Pin=C4-2
Removed Pin From Net: NetName=GND Pin=C5-2
Removed Pin From Net: NetName=5V Pin=IC1-1
Removed Pin From Net: NetName=NetC1_2 Pin=IC1-2
Removed Pin From Net: NetName=GND Pin=IC1-3
Remove Pin from Net: Failed to remove Pin
Removed Pin From Net: NetName=GND Pin=LED4-1
Removed Pin From Net: NetName=GND Pin=LED5-1
Removed Pin From Net: NetName=NetLED5_2 Pin=LED5-2
Remove Pin from Net: Failed to remove Pin
Removed Pin From Net: NetName=GND Pin=Q1-2
Removed Pin From Net: NetName=5V Pin=Q1-5
Remove Pin from Net: Failed to remove Pin
Remove Pin from Net: Failed to remove Pin
Removed Pin From Net: NetName=CSH Pin=R2-2
Removed Pin From Net: NetName=CSL Pin=R7-1
Removed Pin From Net: NetName=5V Pin=R9-1
Remove Pin from Net: Failed to remove Pin
Remove Pin from Net: Failed to remove Pin
Removed Pin From Net: NetName=GND Pin=R12-1
Removed Pin From Net: NetName=NetC1_2 Pin=U1-1
Removed Pin From Net: NetName=GND Pin=U3-3
Removed Pin From Net: NetName=GND Pin=U3-3
Change Component Footprint: Designator=U1 Old Footprint=BATHLD001 New Footprint=BATHLD001THM
Change Component Footprint: Designator=U2 Old Footprint=BATHLD001 New Footprint=BATHLD001THM
Change Component Footprint: Designator=U3 Old Footprint=BATHLD001 New Footprint=BATHLD001THM
Change Component Comment : Designator=U1 Old Comment=BAT-HLD-001 New Comment=BAT-HLD-001-THM
Change Component Comment : Designator=U2 Old Comment=BAT-HLD-001 New Comment=BAT-HLD-001-THM
Change Component Comment : Designator=U3 Old Comment=BAT-HLD-001 New Comment=BAT-HLD-001-THM
Change component parameters: Designator = "U1" ("U1"); Footprint = "BATHLD001"; UniqueID = "\QSINUOSZ" ("\QSINUOSZ")
Change component parameters (AddParameter): Name = "Datasheet Link"; Value = ""; VariantName = "[No Variations]"
Change component parameters (AddParameter): Name = "Height"; Value = "4.2mm"; VariantName = "[No Variations]"
Change component parameters (AddParameter): Name = "Manufacturer_Name"; Value = "Linx Technologies"; VariantName = "[No Variations]"
Change component parameters (AddParameter): Name = "Manufacturer_Part_Number"; Value = "BAT-HLD-001-THM"; VariantName = "[No Variations]"
Change component parameters (AddParameter): Name = "Mouser2 Part Number"; Value = ""; VariantName = "[No Variations]"
Change component parameters (AddParameter): Name = "Mouser2 Price/Stock"; Value = ""; VariantName = "[No Variations]"
Change component parameters: Designator = "U2" ("U2"); Footprint = "BATHLD001"; UniqueID = "\NQAWTXAR" ("\NQAWTXAR")
Change component parameters (AddParameter): Name = "Datasheet Link"; Value = ""; VariantName = "[No Variations]"
Change component parameters (AddParameter): Name = "Height"; Value = "4.2mm"; VariantName = "[No Variations]"
Change component parameters (AddParameter): Name = "Manufacturer_Name"; Value = "Linx Technologies"; VariantName = "[No Variations]"
Change component parameters (AddParameter): Name = "Manufacturer_Part_Number"; Value = "BAT-HLD-001-THM"; VariantName = "[No Variations]"
Change component parameters (AddParameter): Name = "Mouser2 Part Number"; Value = ""; VariantName = "[No Variations]"
Change component parameters (AddParameter): Name = "Mouser2 Price/Stock"; Value = ""; VariantName = "[No Variations]"
Change component parameters: Designator = "U3" ("U3"); Footprint = "BATHLD001"; UniqueID = "\KARCWTUJ" ("\KARCWTUJ")
Change component parameters (AddParameter): Name = "Datasheet Link"; Value = ""; VariantName = "[No Variations]"
Change component parameters (AddParameter): Name = "Height"; Value = "4.2mm"; VariantName = "[No Variations]"
Change component parameters (AddParameter): Name = "Manufacturer_Name"; Value = "Linx Technologies"; VariantName = "[No Variations]"
Change component parameters (AddParameter): Name = "Manufacturer_Part_Number"; Value = "BAT-HLD-001-THM"; VariantName = "[No Variations]"
Change component parameters (AddParameter): Name = "Mouser2 Part Number"; Value = ""; VariantName = "[No Variations]"
Change component parameters (AddParameter): Name = "Mouser2 Price/Stock"; Value = ""; VariantName = "[No Variations]"
Add Component: Footprint Not Found 17709661
Added Pin To Net: NetName=NetC1_2 Pin=IC1-2
Add Pin To Net: Unknown Pin: Pin J1-1
Add Pin To Net: Unknown Pin: Pin J1-2
Added Pin To Net: NetName=NetLED1_2 Pin=LED1-2
Added Pin To Net: NetName=NetLED5_2 Pin=LED5-2
Added Pin To Net: NetName=NetQ1_1 Pin=Q1-1
Added Pin To Net: NetName=NetLED1_2 Pin=R1-1
Added Pin To Net: NetName=NetC1_2 Pin=R1-2
Added Pin To Net: NetName=NetLED5_2 Pin=R11-1
Added Pin To Net: NetName=NetQ1_1 Pin=R11-2
Added Pin To Net: NetName=NetC1_2 Pin=U1-1
Added Pin To Net: NetName=NetC1_2 Pin=U1-2
Added Pin To Net: NetName=NetC1_2 Pin=U1-3
Added Pin To Net: NetName=NetC1_2 Pin=U1-4
Added Pin To Net: NetName=GND Pin=U3-5
Added Pin To Net: NetName=NetU1_5 Pin=U1-5
Added Pin To Net: NetName=NetU1_5 Pin=U2-1
Added Pin To Net: NetName=NetU1_5 Pin=U2-2
Added Pin To Net: NetName=NetU1_5 Pin=U2-3
Added Pin To Net: NetName=NetU1_5 Pin=U2-4
Added Net: Name=NetU1_5
Added Pin To Net: NetName=NetU2_5 Pin=U2-5
Added Pin To Net: NetName=NetU2_5 Pin=U3-1
Added Pin To Net: NetName=NetU2_5 Pin=U3-2
Added Pin To Net: NetName=NetU2_5 Pin=U3-3
Added Pin To Net: NetName=NetU2_5 Pin=U3-4
Added Net: Name=NetU2_5
Add Class Member: Failed to add class member : Component J1 1-770966-1
Added Member To Class: ClassName=VI_circuit Member=Component U1 BAT-HLD-001-THM
Added Member To Class: ClassName=VI_circuit Member=Component U2 BAT-HLD-001-THM
Added Member To Class: ClassName=VI_circuit Member=Component U3 BAT-HLD-001-THM
Added Room: Name=VI_circuit
